d:\repository\ue\deathlystillness\deathlystillness\deathlystillness\deathlystillness\x64\release\vc143.pdb
d:\repository\ue\deathlystillness\deathlystillness\deathlystillness\deathlystillness\x64\release\struct.obj
d:\repository\ue\deathlystillness\deathlystillness\deathlystillness\deathlystillness\x64\release\render.obj
d:\repository\ue\deathlystillness\deathlystillness\deathlystillness\deathlystillness\x64\release\imgui_widgets.obj
d:\repository\ue\deathlystillness\deathlystillness\deathlystillness\deathlystillness\x64\release\imgui_tables.obj
d:\repository\ue\deathlystillness\deathlystillness\deathlystillness\deathlystillness\x64\release\imgui_impl_win32.obj
d:\repository\ue\deathlystillness\deathlystillness\deathlystillness\deathlystillness\x64\release\imgui_impl_dx11.obj
d:\repository\ue\deathlystillness\deathlystillness\deathlystillness\deathlystillness\x64\release\imgui_draw.obj
d:\repository\ue\deathlystillness\deathlystillness\deathlystillness\deathlystillness\x64\release\imgui_demo.obj
d:\repository\ue\deathlystillness\deathlystillness\deathlystillness\deathlystillness\x64\release\imgui.obj
d:\repository\ue\deathlystillness\deathlystillness\deathlystillness\deathlystillness\x64\release\engine.obj
d:\repository\ue\deathlystillness\deathlystillness\deathlystillness\deathlystillness\x64\release\dx11.obj
d:\repository\ue\deathlystillness\deathlystillness\deathlystillness\deathlystillness\x64\release\dllmain.obj
d:\repository\ue\deathlystillness\deathlystillness\deathlystillness\deathlystillness\x64\release\class.obj
d:\repository\ue\deathlystillness\deathlystillness\deathlystillness\x64\release\deathlystillness.dll
d:\repository\ue\deathlystillness\deathlystillness\deathlystillness\x64\release\deathlystillness.pdb
d:\repository\ue\deathlystillness\deathlystillness\deathlystillness\deathlystillness\x64\release\deathlystillness.ipdb
d:\repository\ue\deathlystillness\deathlystillness\deathlystillness\deathlystillness\x64\release\deathlystillness.iobj
d:\repository\ue\deathlystillness\deathlystillness\deathlystillness\deathlystillness\x64\release\deathlystillness.tlog\cl.command.1.tlog
d:\repository\ue\deathlystillness\deathlystillness\deathlystillness\deathlystillness\x64\release\deathlystillness.tlog\cl.items.tlog
d:\repository\ue\deathlystillness\deathlystillness\deathlystillness\deathlystillness\x64\release\deathlystillness.tlog\cl.read.1.tlog
d:\repository\ue\deathlystillness\deathlystillness\deathlystillness\deathlystillness\x64\release\deathlystillness.tlog\cl.write.1.tlog
d:\repository\ue\deathlystillness\deathlystillness\deathlystillness\deathlystillness\x64\release\deathlystillness.tlog\link.command.1.tlog
d:\repository\ue\deathlystillness\deathlystillness\deathlystillness\deathlystillness\x64\release\deathlystillness.tlog\link.read.1.tlog
d:\repository\ue\deathlystillness\deathlystillness\deathlystillness\deathlystillness\x64\release\deathlystillness.tlog\link.secondary.1.tlog
d:\repository\ue\deathlystillness\deathlystillness\deathlystillness\deathlystillness\x64\release\deathlystillness.tlog\link.write.1.tlog
